[debug] [2025-08-22T11:02:23.638Z] ----------------------------------------------------------------------
[debug] [2025-08-22T11:02:23.640Z] Command:       C:\Program Files\nodejs\node.exe C:\Users\sidel\AppData\Roaming\npm\node_modules\firebase-tools\lib\bin\firebase.js init
[debug] [2025-08-22T11:02:23.640Z] CLI Version:   14.14.0
[debug] [2025-08-22T11:02:23.640Z] Platform:      win32
[debug] [2025-08-22T11:02:23.640Z] Node Version:  v22.17.1
[debug] [2025-08-22T11:02:23.640Z] Time:          Fri Aug 22 2025 19:02:23 GMT+0800 (Malaysia Time)
[debug] [2025-08-22T11:02:23.640Z] ----------------------------------------------------------------------
[debug] 
[debug] [2025-08-22T11:02:23.645Z] > command requires scopes: ["email","openid","https://www.googleapis.com/auth/cloudplatformprojects.readonly","https://www.googleapis.com/auth/firebase","https://www.googleapis.com/auth/cloud-platform"]
[debug] [2025-08-22T11:02:23.645Z] > authorizing via signed-in user (sidelist4@gmail.com)
[info] 
     ######## #### ########  ######## ########     ###     ######  ########
     ##        ##  ##     ## ##       ##     ##  ##   ##  ##       ##
     ######    ##  ########  ######   ########  #########  ######  ######
     ##        ##  ##    ##  ##       ##     ## ##     ##       ## ##
     ##       #### ##     ## ######## ########  ##     ##  ######  ########

You're about to initialize a Firebase project in this directory:

  C:\Users\sidel\OneDrive\Desktop\website liya

[info] 
=== Project Setup
[info] 
[info] First, let's associate this project directory with a Firebase project.
[info] You can create multiple project aliases by running firebase use --add, 
[info] but for now we'll just set up a default project.
[info] 
[debug] [2025-08-22T11:04:14.616Z] Checked if tokens are valid: true, expires at: 1755864123339
[debug] [2025-08-22T11:04:14.617Z] Checked if tokens are valid: true, expires at: 1755864123339
[debug] [2025-08-22T11:04:14.618Z] >>> [apiv2][query] GET https://firebase.googleapis.com/v1beta1/projects pageSize=100
[debug] [2025-08-22T11:04:15.225Z] <<< [apiv2][status] GET https://firebase.googleapis.com/v1beta1/projects 200
[debug] [2025-08-22T11:04:15.225Z] <<< [apiv2][body] GET https://firebase.googleapis.com/v1beta1/projects [omitted]
[info] i  Using project website-bestie (website bestie) 
[info] 
=== Hosting Setup
[debug] [2025-08-22T11:04:21.059Z] Checked if tokens are valid: true, expires at: 1755864123339
[debug] [2025-08-22T11:04:21.059Z] Checked if tokens are valid: true, expires at: 1755864123339
[debug] [2025-08-22T11:04:21.059Z] >>> [apiv2][query] GET https://firebase.googleapis.com/v1beta1/projects/website-bestie [none]
[debug] [2025-08-22T11:04:21.404Z] <<< [apiv2][status] GET https://firebase.googleapis.com/v1beta1/projects/website-bestie 200
[debug] [2025-08-22T11:04:21.405Z] <<< [apiv2][body] GET https://firebase.googleapis.com/v1beta1/projects/website-bestie {"projectId":"website-bestie","projectNumber":"729235067296","displayName":"website bestie","name":"projects/website-bestie","resources":{"hostingSite":"website-bestie"},"state":"ACTIVE","etag":"1_83cfc1d8-ce1f-44b7-a611-61d361d3b51e"}
[info] 
[info] Your public directory is the folder (relative to your project directory) that
[info] will contain Hosting assets to be uploaded with firebase deploy. If you
[info] have a build process for your assets, use your build's output directory.
[info] 
[debug] [2025-08-22T11:04:34.020Z] >>> [apiv2][query] GET https://www.gstatic.com/firebasejs/releases.json [none]
[debug] [2025-08-22T11:04:34.071Z] <<< [apiv2][status] GET https://www.gstatic.com/firebasejs/releases.json 200
[debug] [2025-08-22T11:04:34.071Z] <<< [apiv2][body] GET https://www.gstatic.com/firebasejs/releases.json {"current":{"version":"12.1.0","browserURL":"https://www.gstatic.com/firebasejs/12.1.0/firebase.js","packageURL":"https://www.gstatic.com/firebasejs/12.1.0/firebase.tgz"},"live":{"version":"12.1","browserURL":"https://www.gstatic.com/firebasejs/live/12.1/firebase.js","packageURL":"https://www.gstatic.com/firebasejs/live/12.1/firebase.tgz"},"components":{"ai":"https://www.gstatic.com/firebasejs/12.1.0/firebase-ai.js","analytics":"https://www.gstatic.com/firebasejs/12.1.0/firebase-analytics.js","app":"https://www.gstatic.com/firebasejs/12.1.0/firebase-app.js","app-check":"https://www.gstatic.com/firebasejs/12.1.0/firebase-app-check.js","auth":"https://www.gstatic.com/firebasejs/12.1.0/firebase-auth.js","auth/cordova":"https://www.gstatic.com/firebasejs/12.1.0/firebase-auth/cordova.js","auth/web-extension":"https://www.gstatic.com/firebasejs/12.1.0/firebase-auth/web-extension.js","functions":"https://www.gstatic.com/firebasejs/12.1.0/firebase-functions.js","firestore":"https://www.gstatic.com/firebasejs/12.1.0/firebase-firestore.js","firestore/lite":"https://www.gstatic.com/firebasejs/12.1.0/firebase-firestore/lite.js","installations":"https://www.gstatic.com/firebasejs/12.1.0/firebase-installations.js","storage":"https://www.gstatic.com/firebasejs/12.1.0/firebase-storage.js","performance":"https://www.gstatic.com/firebasejs/12.1.0/firebase-performance.js","remote-config":"https://www.gstatic.com/firebasejs/12.1.0/firebase-remote-config.js","messaging":"https://www.gstatic.com/firebasejs/12.1.0/firebase-messaging.js","messaging/sw":"https://www.gstatic.com/firebasejs/12.1.0/firebase-messaging/sw.js","database":"https://www.gstatic.com/firebasejs/12.1.0/firebase-database.js","data-connect":"https://www.gstatic.com/firebasejs/12.1.0/firebase-data-connect.js","firestore.memory":"https://www.gstatic.com/firebasejs/12.1.0/firebase-firestore.memory.js"}}
[info] +  Wrote public/index.html 
[info] 
[info] i  Didn't detect a .git folder. Assuming C:\Users\sidel\OneDrive\Desktop\website liya is the project root. 
[info] i  Authorizing with GitHub to upload your service account to a GitHub repository's secrets store. 
[info] 
[info] Visit this URL on this device to log in:
[info] https://github.com/login/oauth/authorize?client_id=89cf50f02ac6aaed3484&state=919839419&redirect_uri=http%3A%2F%2Flocalhost%3A9005&scope=read%3Auser%20repo%20public_repo
[info] 
[info] Waiting for authentication...
[debug] [2025-08-22T11:04:44.370Z] >>> [apiv2][query] POST https://github.com/login/oauth/access_token [none]
[debug] [2025-08-22T11:04:44.371Z] >>> [apiv2][body] POST https://github.com/login/oauth/access_token [stream]
[debug] [2025-08-22T11:04:44.800Z] <<< [apiv2][status] POST https://github.com/login/oauth/access_token 200
[debug] [2025-08-22T11:04:44.800Z] <<< [apiv2][body] POST https://github.com/login/oauth/access_token {"access_token":"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","token_type":"bearer","scope":"read:user,repo"}
[debug] [2025-08-22T11:04:44.804Z] >>> [apiv2][query] GET https://api.github.com/user [none]
[debug] [2025-08-22T11:04:45.228Z] <<< [apiv2][status] GET https://api.github.com/user 200
[debug] [2025-08-22T11:04:45.228Z] <<< [apiv2][body] GET https://api.github.com/user {"login":"4SIDE67","id":183325970,"node_id":"U_kgDOCu1VEg","avatar_url":"https://avatars.githubusercontent.com/u/183325970?v=4","gravatar_id":"","url":"https://api.github.com/users/4SIDE67","html_url":"https://github.com/4SIDE67","followers_url":"https://api.github.com/users/4SIDE67/followers","following_url":"https://api.github.com/users/4SIDE67/following{/other_user}","gists_url":"https://api.github.com/users/4SIDE67/gists{/gist_id}","starred_url":"https://api.github.com/users/4SIDE67/starred{/owner}{/repo}","subscriptions_url":"https://api.github.com/users/4SIDE67/subscriptions","organizations_url":"https://api.github.com/users/4SIDE67/orgs","repos_url":"https://api.github.com/users/4SIDE67/repos","events_url":"https://api.github.com/users/4SIDE67/events{/privacy}","received_events_url":"https://api.github.com/users/4SIDE67/received_events","type":"User","user_view_type":"private","site_admin":false,"name":"Muizz","company":"Projek Anchor","blog":"","location":null,"email":null,"hireable":null,"bio":"Hanya Belajar Coding, for fun","twitter_username":null,"notification_email":null,"public_repos":2,"public_gists":0,"followers":0,"following":1,"created_at":"2024-09-30T00:54:05Z","updated_at":"2025-08-11T01:48:38Z","private_gists":0,"total_private_repos":1,"owned_private_repos":1,"disk_usage":80,"collaborators":0,"two_factor_authentication":false,"plan":{"name":"free","space":976562499,"collaborators":0,"private_repos":10000}}
[info] 
[info] +  Success! Logged into GitHub as 4SIDE67 
[info] 
[debug] [2025-08-22T11:04:54.872Z] >>> [apiv2][query] GET https://api.github.com/repos//actions/secrets/public-key type=owner
[debug] [2025-08-22T11:04:55.160Z] <<< [apiv2][status] GET https://api.github.com/repos//actions/secrets/public-key 404
[debug] [2025-08-22T11:04:55.160Z] <<< [apiv2][body] GET https://api.github.com/repos//actions/secrets/public-key {"message":"Not Found","documentation_url":"https://docs.github.com/rest","status":"404"}
[info] 
[info] 
[error] !  The provided authorization cannot be used with this repository. If this repository is in an organization, did you remember to grant access? 
[info] 
[info] i  Action required: Visit this URL to ensure access has been granted to the appropriate organization(s) for the Firebase CLI GitHub OAuth App: 
[info] https://github.com/settings/connections/applications/89cf50f02ac6aaed3484
[info] 
[debug] [2025-08-22T11:05:22.134Z] >>> [apiv2][query] GET https://api.github.com/repos/user\repository/actions/secrets/public-key type=owner
[debug] [2025-08-22T11:05:22.518Z] <<< [apiv2][status] GET https://api.github.com/repos/user\repository/actions/secrets/public-key 404
[debug] [2025-08-22T11:05:22.518Z] <<< [apiv2][body] GET https://api.github.com/repos/user\repository/actions/secrets/public-key {"message":"Not Found","documentation_url":"https://docs.github.com/rest/actions/secrets#get-a-repository-public-key","status":"404"}
[info] 
[info] 
[error] !  The provided authorization cannot be used with this repository. If this repository is in an organization, did you remember to grant access? 
[info] 
[info] i  Action required: Visit this URL to ensure access has been granted to the appropriate organization(s) for the Firebase CLI GitHub OAuth App: 
[info] https://github.com/settings/connections/applications/89cf50f02ac6aaed3484
[info] 
[debug] [2025-08-22T11:05:30.032Z] >>> [apiv2][query] GET https://api.github.com/repos/user/actions/secrets/public-key type=owner
[debug] [2025-08-22T11:05:30.326Z] <<< [apiv2][status] GET https://api.github.com/repos/user/actions/secrets/public-key 404
[debug] [2025-08-22T11:05:30.326Z] <<< [apiv2][body] GET https://api.github.com/repos/user/actions/secrets/public-key {"message":"Not Found","documentation_url":"https://docs.github.com/rest","status":"404"}
[info] 
[info] 
[error] !  The provided authorization cannot be used with this repository. If this repository is in an organization, did you remember to grant access? 
[info] 
[info] i  Action required: Visit this URL to ensure access has been granted to the appropriate organization(s) for the Firebase CLI GitHub OAuth App: 
[info] https://github.com/settings/connections/applications/89cf50f02ac6aaed3484
[info] 
